sed: 1: "../Results/linear_K7_N3 ...": invalid command code .
sed: 1: "../Results/linear_K7_N3 ...": invalid command code .
sed: 1: "../Results/linear_K7_N3 ...": invalid command code .
sed: 1: "../Results/linear_K7_N3 ...": invalid command code .
sed: 1: "../Results/linear_K7_N3 ...": invalid command code .
/bin/sh: pdflatex: command not found
mv: rename linear_K7_N3_m3_gaussian.pdf to ../Results/linear_K7_N3_gaussian_m=3_delta=0.05_epsilon=0.0/linear_K7_N3_m3_gaussian.pdf: No such file or directory
Is H_LinGapE < 2*H_UGapE? : True
-----------------------------
---- LateX file creation ----
-----------------------------
- Header created
- Footer created
- Score table created
- Parameter table created
- Problem table created
- Figure plot created
---- Plot of Explora
- Plots of results created
---- Output of Explora
- Comparative table created
LaTeX file has been successfully created and stored in '../Results/linear_K7_N3_gaussian_m=3_delta=0.05_epsilon=0.0/linear_K7_N3_m3_gaussian.tex'
--------------------------
---- Boxplot creation ----
--------------------------
************************************************************************************************************************************************************
************************************************************************************************************************************************************
************************************************************************************************************************************************************
************************************************************************************************************************************************************
************************************************************************************************************************************************************
************************************************************************************************************************************************************
************************************************************************************************************************************************************
************************************************************************************************************************************************************
************************************************************************************************************************************************************
************************************************************************************************************************************************************
************************************************************************************************************************************************************
************************************************************************************************************************************************************
************************************************************************************************************************************************************
************************************************************************************************************************************************************

